\BOOKMARK [1][-]{section.1}{\376\377\000I\000n\000t\000r\000o\000d\000u\000\347\000\343\000o}{}% 1
\BOOKMARK [1][-]{section.2}{\376\377\000R\000e\000f\000e\000r\000e\000n\000c\000i\000a\000l\000\040\000T\000e\000\363\000r\000i\000c\000o}{}% 2
\BOOKMARK [2][-]{subsection.2.1}{\376\377\000E\000q\000u\000i\000v\000a\000l\000\352\000n\000c\000i\000a\000\040\000T\000r\000a\000n\000s\000c\000u\000l\000t\000u\000r\000a\000l\000\040\000e\000\040\000V\000a\000l\000i\000d\000a\000d\000e\000\040\000d\000e\000\040\000C\000o\000n\000s\000t\000r\000u\000t\000o}{section.2}% 3
\BOOKMARK [2][-]{subsection.2.2}{\376\377\000E\000p\000i\000s\000t\000e\000m\000o\000l\000o\000g\000i\000a\000\040\000d\000o\000\040\000C\000o\000n\000h\000e\000c\000i\000m\000e\000n\000t\000o\000\040\000T\000\341\000c\000i\000t\000o\000\040\000e\000\040\000C\000o\000n\000v\000e\000r\000s\000\343\000o\000\040\000e\000n\000t\000r\000e\000\040\000M\000o\000d\000o\000s\000\040\000d\000e\000\040\000S\000a\000b\000e\000r}{section.2}% 4
\BOOKMARK [2][-]{subsection.2.3}{\376\377\000A\000t\000i\000v\000o\000s\000\040\000I\000n\000t\000a\000n\000g\000\355\000v\000e\000i\000s\000,\000\040\000E\000c\000o\000n\000o\000m\000i\000a\000\040\000E\000c\000o\000l\000\363\000g\000i\000c\000a\000\040\000e\000\040\000C\000a\000p\000i\000t\000a\000l\000\040\000B\000i\000o\000c\000u\000l\000t\000u\000r\000a\000l}{section.2}% 5
\BOOKMARK [2][-]{subsection.2.4}{\376\377\000O\000\040\000F\000r\000a\000m\000e\000w\000o\000r\000k\000\040\000W\000O\000C\000A\000T\000:\000\040\000A\000r\000q\000u\000i\000t\000e\000t\000u\000r\000a\000\040\000C\000o\000n\000c\000e\000i\000t\000u\000a\000l\000\040\000e\000\040\000P\000o\000t\000e\000n\000c\000i\000a\000l\000\040\000A\000n\000a\000l\000\355\000t\000i\000c\000o}{section.2}% 6
\BOOKMARK [2][-]{subsection.2.5}{\376\377\000C\000o\000m\000u\000n\000i\000d\000a\000d\000e\000s\000\040\000Q\000u\000i\000l\000o\000m\000b\000o\000l\000a\000s\000\040\000e\000\040\000E\000s\000p\000e\000c\000i\000f\000i\000c\000i\000d\000a\000d\000e\000s\000\040\000d\000o\000s\000\040\000S\000S\000A\000T}{section.2}% 7
\BOOKMARK [2][-]{subsection.2.6}{\376\377\000I\000n\000d\000i\000c\000a\000d\000o\000r\000e\000s\000\040\000S\000o\000c\000i\000o\000e\000c\000o\000l\000\363\000g\000i\000c\000o\000s\000,\000\040\000D\000P\000S\000I\000R\000\040\000e\000\040\000L\000\363\000g\000i\000c\000a\000\040\000D\000i\000f\000u\000s\000a}{section.2}% 8
\BOOKMARK [1][-]{section.3}{\376\377\000M\000a\000t\000e\000r\000i\000a\000i\000s\000\040\000e\000\040\000M\000\351\000t\000o\000d\000o\000s}{}% 9
\BOOKMARK [2][-]{subsection.3.1}{\376\377\000D\000e\000l\000i\000n\000e\000a\000m\000e\000n\000t\000o\000\040\000G\000e\000r\000a\000l}{section.3}% 10
\BOOKMARK [2][-]{subsection.3.2}{\376\377\000F\000a\000s\000e\000\040\0001\000.\000\040\000A\000d\000a\000p\000t\000a\000\347\000\343\000o\000\040\000T\000r\000a\000n\000s\000c\000u\000l\000t\000u\000r\000a\000l\000\040\000d\000o\000\040\000W\000O\000C\000A\000T\000-\000S\000L\000M}{section.3}% 11
\BOOKMARK [3][-]{subsubsection.3.2.1}{\376\377\000E\000t\000a\000p\000a\000\040\0001\000.\000\040\000T\000r\000a\000d\000u\000\347\000\343\000o\000\040\000D\000i\000r\000e\000t\000a\000\040\000\050\000I\000n\000g\000l\000\352\000s\000\040\000\040\000P\000o\000r\000t\000u\000g\000u\000\352\000s\000\051}{subsection.3.2}% 12
\BOOKMARK [3][-]{subsubsection.3.2.2}{\376\377\000E\000t\000a\000p\000a\000\040\0002\000.\000\040\000S\000\355\000n\000t\000e\000s\000e\000\040\000d\000a\000s\000\040\000T\000r\000a\000d\000u\000\347\000\365\000e\000s\000\040\000\050\000T\000-\0001\0002\000\051}{subsection.3.2}% 13
\BOOKMARK [3][-]{subsubsection.3.2.3}{\376\377\000E\000t\000a\000p\000a\000\040\0003\000.\000\040\000R\000e\000t\000r\000o\000t\000r\000a\000d\000u\000\347\000\343\000o\000\040\000\050\000P\000o\000r\000t\000u\000g\000u\000\352\000s\000\040\000\040\000I\000n\000g\000l\000\352\000s\000\051}{subsection.3.2}% 14
\BOOKMARK [3][-]{subsubsection.3.2.4}{\376\377\000E\000t\000a\000p\000a\000\040\0004\000.\000\040\000C\000o\000m\000i\000t\000\352\000\040\000d\000e\000\040\000E\000s\000p\000e\000c\000i\000a\000l\000i\000s\000t\000a\000s}{subsection.3.2}% 15
\BOOKMARK [3][-]{subsubsection.3.2.5}{\376\377\000E\000t\000a\000p\000a\000\040\0005\000.\000\040\000P\000r\000\351\000-\000T\000e\000s\000t\000e}{subsection.3.2}% 16
\BOOKMARK [3][-]{subsubsection.3.2.6}{\376\377\000E\000t\000a\000p\000a\000\040\0006\000.\000\040\000C\000o\000n\000s\000o\000l\000i\000d\000a\000\347\000\343\000o}{subsection.3.2}% 17
\BOOKMARK [2][-]{subsection.3.3}{\376\377\000F\000a\000s\000e\000\040\0002\000.\000\040\000E\000l\000i\000c\000i\000t\000a\000\347\000\343\000o\000\040\000E\000s\000t\000r\000u\000t\000u\000r\000a\000d\000a\000\040\000v\000i\000a\000\040\000P\000r\000o\000t\000o\000c\000o\000l\000o\000\040\000D\000e\000l\000p\000h\000i}{section.3}% 18
\BOOKMARK [3][-]{subsubsection.3.3.1}{\376\377\000C\000o\000m\000p\000o\000s\000i\000\347\000\343\000o\000\040\000d\000o\000\040\000P\000a\000i\000n\000e\000l}{subsection.3.3}% 19
\BOOKMARK [3][-]{subsubsection.3.3.2}{\376\377\000E\000s\000t\000r\000u\000t\000u\000r\000a\000\040\000d\000a\000s\000\040\000R\000o\000d\000a\000d\000a\000s}{subsection.3.3}% 20
\BOOKMARK [3][-]{subsubsection.3.3.3}{\376\377\000A\000n\000\341\000l\000i\000s\000e\000\040\000E\000s\000t\000a\000t\000\355\000s\000t\000i\000c\000a\000\040\000d\000o\000\040\000C\000o\000n\000s\000e\000n\000s\000o}{subsection.3.3}% 21
\BOOKMARK [2][-]{subsection.3.4}{\376\377\000C\000o\000r\000r\000e\000s\000p\000o\000n\000d\000\352\000n\000c\000i\000a\000\040\000e\000n\000t\000r\000e\000\040\000V\000a\000r\000i\000\341\000v\000e\000i\000s\000\040\000L\000i\000n\000g\000u\000\355\000s\000t\000i\000c\000a\000s\000\040\000e\000\040\000C\000o\000n\000j\000u\000n\000t\000o\000s\000\040\000F\000u\000z\000z\000y}{section.3}% 22
\BOOKMARK [2][-]{subsection.3.5}{\376\377\000A\000n\000\341\000l\000i\000s\000e\000\040\000d\000e\000\040\000S\000e\000n\000s\000i\000b\000i\000l\000i\000d\000a\000d\000e\000\040\000G\000l\000o\000b\000a\000l\000\040\000d\000o\000\040\000I\000R\000B\000I}{section.3}% 23
\BOOKMARK [2][-]{subsection.3.6}{\376\377\000T\000r\000i\000a\000n\000g\000u\000l\000a\000\347\000\343\000o\000\040\000v\000i\000a\000\040\000E\000n\000t\000r\000e\000v\000i\000s\000t\000a\000s\000\040\000S\000e\000m\000i\000e\000s\000t\000r\000u\000t\000u\000r\000a\000d\000a\000s}{section.3}% 24
\BOOKMARK [2][-]{subsection.3.7}{\376\377\000A\000s\000p\000e\000c\000t\000o\000s\000\040\000\311\000t\000i\000c\000o\000s}{section.3}% 25
\BOOKMARK [1][-]{section.4}{\376\377\000R\000e\000s\000u\000l\000t\000a\000d\000o\000s\000\040\000e\000\040\000D\000i\000s\000c\000u\000s\000s\000\343\000o}{}% 26
\BOOKMARK [2][-]{subsection.4.1}{\376\377\000A\000d\000a\000p\000t\000a\000\347\000\343\000o\000\040\000T\000r\000a\000n\000s\000c\000u\000l\000t\000u\000r\000a\000l\000\040\000e\000\040\000V\000a\000l\000i\000d\000a\000\347\000\343\000o\000\040\000P\000s\000i\000c\000o\000m\000\351\000t\000r\000i\000c\000a}{section.4}% 27
\BOOKMARK [2][-]{subsection.4.2}{\376\377\000E\000l\000i\000c\000i\000t\000a\000\347\000\343\000o\000\040\000D\000e\000l\000p\000h\000i\000\040\000e\000\040\000C\000o\000n\000v\000e\000r\000g\000\352\000n\000c\000i\000a\000\040\000E\000s\000t\000a\000t\000\355\000s\000t\000i\000c\000a}{section.4}% 28
\BOOKMARK [2][-]{subsection.4.3}{\376\377\000T\000r\000i\000a\000n\000g\000u\000l\000a\000\347\000\343\000o\000\040\000e\000\040\000V\000a\000l\000i\000d\000a\000d\000e\000\040\000E\000c\000o\000l\000\363\000g\000i\000c\000a}{section.4}% 29
\BOOKMARK [2][-]{subsection.4.4}{\376\377\000S\000e\000n\000s\000i\000b\000i\000l\000i\000d\000a\000d\000e\000\040\000M\000u\000l\000t\000i\000d\000i\000m\000e\000n\000s\000i\000o\000n\000a\000l\000\040\000d\000o\000\040\000I\000R\000B\000I}{section.4}% 30
\BOOKMARK [2][-]{subsection.4.5}{\376\377\000I\000m\000p\000l\000i\000c\000a\000\347\000\365\000e\000s\000\040\000p\000a\000r\000a\000\040\000G\000o\000v\000e\000r\000n\000a\000n\000\347\000a\000\040\000d\000o\000\040\000C\000o\000n\000h\000e\000c\000i\000m\000e\000n\000t\000o\000\040\000e\000\040\000M\000o\000d\000e\000l\000a\000g\000e\000m\000\040\000F\000u\000z\000z\000y}{section.4}% 31
\BOOKMARK [1][-]{section.5}{\376\377\000C\000o\000n\000s\000i\000d\000e\000r\000a\000\347\000\365\000e\000s\000\040\000F\000i\000n\000a\000i\000s}{}% 32
\BOOKMARK [1][-]{section*.2}{\376\377\000A\000p\000\352\000n\000d\000i\000c\000e\000\040\000A\000\040\040\024\000\040\000Q\000u\000e\000s\000t\000i\000o\000n\000\341\000r\000i\000o\000\040\000W\000O\000C\000A\000T\040\023\000M\000S\000T}{}% 33
